<?xml version="1.0" encoding="UTF-8"?>
<!-- Generated by org.testng.reporters.JUnitReportReporter -->
<testsuite hostname="Mayank-PC" failures="0" tests="2" name="Academy.HomePage" time="10.438" errors="0" timestamp="2021-01-05T19:54:32 GMT" skipped="0">
  <testcase classname="Academy.HomePage" name="basePageNavigation" time="7.668"/>
  <system-out/>
  <testcase classname="Academy.HomePage" name="basePageNavigation" time="2.770"/>
  <system-out/>
</testsuite> <!-- Academy.HomePage -->
