<?xml version="1.0" encoding="UTF-8"?>
<!-- Generated by org.testng.reporters.JUnitReportReporter -->
<testsuite hostname="Mayank-PC" failures="0" tests="1" name="Academy.validateNavigationBar" time="0.056" errors="0" timestamp="5 Jan 2021 20:04:45 GMT">
  <testcase classname="Academy.validateNavigationBar" name="validateAppNavBar" time="0.056"/>
</testsuite> <!-- Academy.validateNavigationBar -->
