<?xml version="1.0" encoding="UTF-8"?>
<!-- Generated by org.testng.reporters.JUnitReportReporter -->
<testsuite hostname="Mayank-PC" failures="0" tests="2" name="Academy.HomePage" time="8.266" errors="0" timestamp="5 Jan 2021 20:04:45 GMT">
  <testcase classname="Academy.HomePage" name="basePageNavigation" time="5.897"/>
  <testcase classname="Academy.HomePage" name="basePageNavigation" time="2.369"/>
</testsuite> <!-- Academy.HomePage -->
